<?xml version="1.0" encoding="UTF-8"?>
<!-- Generated by org.testng.reporters.JUnitReportReporter -->
<testsuite hostname="LAPTOP-652B3EL2" failures="0" tests="1" name="testscriptsample.LoginPageTestSample" time="11.701" errors="0" timestamp="2025-01-15T08:56:17 IST" skipped="0">
  <testcase classname="testscriptsample.LoginPageTestSample" name="verifyUserLoginwithvalidcredentials" time="11.701"/>
</testsuite> <!-- testscriptsample.LoginPageTestSample -->
